

Microchip MPLAB XC8 Assembler V2.50 build 20240725155939 
                                                                                               Fri Feb 28 17:53:31 2025

Microchip MPLAB XC8 C Compiler v2.50 (Free license) build 20240725155939 Og1 
     1                           	processor	16F628A
     2                           	pagewidth 120
     3                           	opt	flic
     4                           	psect	cinit,global,class=CODE,space=0,merge=1,delta=2
     5                           	psect	cstackCOMMON,global,class=COMMON,space=1,delta=1,noexec
     6                           	psect	maintext,global,class=CODE,space=0,split=1,delta=2
     7                           	psect	config,global,abs,ovrld,class=CONFIG,space=4,delta=2,noexec
     8                           	dabs	1,0x7E,2
     9     0000                     
    10                           ; Generated 12/10/2023 GMT
    11                           ; 
    12                           ; Copyright © 2023, Microchip Technology Inc. and its subsidiaries ("Microchip")
    13                           ; All rights reserved.
    14                           ; 
    15                           ; This software is developed by Microchip Technology Inc. and its subsidiaries ("Microch
      +                          ip").
    16                           ; 
    17                           ; Redistribution and use in source and binary forms, with or without modification, are
    18                           ; permitted provided that the following conditions are met:
    19                           ; 
    20                           ;     1. Redistributions of source code must retain the above copyright notice, this lis
      +                          t of
    21                           ;        conditions and the following disclaimer.
    22                           ; 
    23                           ;     2. Redistributions in binary form must reproduce the above copyright notice, this 
      +                          list
    24                           ;        of conditions and the following disclaimer in the documentation and/or other
    25                           ;        materials provided with the distribution. Publication is not required when
    26                           ;        this file is used in an embedded application.
    27                           ; 
    28                           ;     3. Microchip's name may not be used to endorse or promote products derived from th
      +                          is
    29                           ;        software without specific prior written permission.
    30                           ; 
    31                           ; THIS SOFTWARE IS PROVIDED BY MICROCHIP "AS IS" AND ANY EXPRESS OR IMPLIED WARRANTIES,
    32                           ; INCLUDING, BUT NOT LIMITED TO, THE IMPLIED WARRANTIES OF MERCHANTABILITY AND FITNESS F
      +                          OR
    33                           ; PURPOSE ARE DISCLAIMED.  IN NO EVENT SHALL MICROCHIP BE LIABLE FOR ANY DIRECT, INDIREC
      +                          T,
    34                           ; INCIDENTAL, SPECIAL, EXEMPLARY, OR CONSEQUENTIAL DAMAGES (INCLUDING BUT NOT LIMITED TO
    35                           ; PROCUREMENT OF SUBSTITUTE GOODS OR SERVICES; LOSS OF USE, DATA OR PROFITS; OR BUSINESS
    36                           ; INTERRUPTION) HOWSOEVER CAUSED AND ON ANY THEORY OF LIABILITY, WHETHER IN CONTRACT, ST
      +                          RICT
    37                           ; LIABILITY, OR TORT (INCLUDING NEGLIGENCE OR OTHERWISE) ARISING IN ANY WAY OUT OF THE U
      +                          SE OF
    38                           ; THIS SOFTWARE, EVEN IF ADVISED OF THE POSSIBILITY OF SUCH DAMAGE.
    39                           ; 
    40                           ; 
    41                           ; Code-generator required, PIC16F628A Definitions
    42                           ; 
    43                           ; SFR Addresses
    44     0004                     fsr             equ	4
    45     0004                     fsr0            equ	4
    46     0000                     indf            equ	0
    47     0000                     indf0           equ	0
    48     0002                     pc              equ	2
    49     0002                     pcl             equ	2
    50     000A                     pclath          equ	10
    51     0003                     status          equ	3
    52     0000                     INDF            equ	0	;# 
    53     0001                     TMR0            equ	1	;# 
    54     0002                     PCL             equ	2	;# 
    55     0003                     STATUS          equ	3	;# 
    56     0004                     FSR             equ	4	;# 
    57     0005                     PORTA           equ	5	;# 
    58     0006                     PORTB           equ	6	;# 
    59     000A                     PCLATH          equ	10	;# 
    60     000B                     INTCON          equ	11	;# 
    61     000C                     PIR1            equ	12	;# 
    62     000E                     TMR1            equ	14	;# 
    63     000E                     TMR1L           equ	14	;# 
    64     000F                     TMR1H           equ	15	;# 
    65     0010                     T1CON           equ	16	;# 
    66     0011                     TMR2            equ	17	;# 
    67     0012                     T2CON           equ	18	;# 
    68     0015                     CCPR1           equ	21	;# 
    69     0015                     CCPR1L          equ	21	;# 
    70     0016                     CCPR1H          equ	22	;# 
    71     0017                     CCP1CON         equ	23	;# 
    72     0018                     RCSTA           equ	24	;# 
    73     0019                     TXREG           equ	25	;# 
    74     001A                     RCREG           equ	26	;# 
    75     001F                     CMCON           equ	31	;# 
    76     0081                     OPTION_REG      equ	129	;# 
    77     0085                     TRISA           equ	133	;# 
    78     0086                     TRISB           equ	134	;# 
    79     008C                     PIE1            equ	140	;# 
    80     008E                     PCON            equ	142	;# 
    81     0092                     PR2             equ	146	;# 
    82     0098                     TXSTA           equ	152	;# 
    83     0099                     SPBRG           equ	153	;# 
    84     009A                     EEDATA          equ	154	;# 
    85     009B                     EEADR           equ	155	;# 
    86     009C                     EECON1          equ	156	;# 
    87     009D                     EECON2          equ	157	;# 
    88     009F                     VRCON           equ	159	;# 
    89     0000                     INDF            equ	0	;# 
    90     0001                     TMR0            equ	1	;# 
    91     0002                     PCL             equ	2	;# 
    92     0003                     STATUS          equ	3	;# 
    93     0004                     FSR             equ	4	;# 
    94     0005                     PORTA           equ	5	;# 
    95     0006                     PORTB           equ	6	;# 
    96     000A                     PCLATH          equ	10	;# 
    97     000B                     INTCON          equ	11	;# 
    98     000C                     PIR1            equ	12	;# 
    99     000E                     TMR1            equ	14	;# 
   100     000E                     TMR1L           equ	14	;# 
   101     000F                     TMR1H           equ	15	;# 
   102     0010                     T1CON           equ	16	;# 
   103     0011                     TMR2            equ	17	;# 
   104     0012                     T2CON           equ	18	;# 
   105     0015                     CCPR1           equ	21	;# 
   106     0015                     CCPR1L          equ	21	;# 
   107     0016                     CCPR1H          equ	22	;# 
   108     0017                     CCP1CON         equ	23	;# 
   109     0018                     RCSTA           equ	24	;# 
   110     0019                     TXREG           equ	25	;# 
   111     001A                     RCREG           equ	26	;# 
   112     001F                     CMCON           equ	31	;# 
   113     0081                     OPTION_REG      equ	129	;# 
   114     0085                     TRISA           equ	133	;# 
   115     0086                     TRISB           equ	134	;# 
   116     008C                     PIE1            equ	140	;# 
   117     008E                     PCON            equ	142	;# 
   118     0092                     PR2             equ	146	;# 
   119     0098                     TXSTA           equ	152	;# 
   120     0099                     SPBRG           equ	153	;# 
   121     009A                     EEDATA          equ	154	;# 
   122     009B                     EEADR           equ	155	;# 
   123     009C                     EECON1          equ	156	;# 
   124     009D                     EECON2          equ	157	;# 
   125     009F                     VRCON           equ	159	;# 
   126     0033                     _RB3            set	51
   127     0086                     _TRISB          set	134
   128                           
   129                           	psect	cinit
   130     07FE                     start_initialization:	
   131                           ; #config settings
   132                           
   133     07FE                     __initialization:
   134     07FE                     end_of_initialization:	
   135                           ;End of C runtime variable initialization code
   136                           
   137     07FE                     __end_of__initialization:
   138     07FE  0183               	clrf	3
   139     07FF  2FD9               	ljmp	_main	;jump to C main() function
   140                           
   141                           	psect	cstackCOMMON
   142     0070                     __pcstackCOMMON:
   143     0070                     ?_main:
   144     0070                     ??_main:	
   145                           ; 1 bytes @ 0x0
   146                           
   147                           
   148                           ; 1 bytes @ 0x0
   149     0070                     	ds	3
   150                           
   151                           	psect	maintext
   152     07D9                     __pmaintext:	
   153 ;;
   154 ;;Main: autosize = 0, tempsize = 3, incstack = 0, save=0
   155 ;;
   156 ;; *************** function _main *****************
   157 ;; Defined at:
   158 ;;		line 15 in file "LED_blink.c"
   159 ;; Parameters:    Size  Location     Type
   160 ;;		None
   161 ;; Auto vars:     Size  Location     Type
   162 ;;		None
   163 ;; Return value:  Size  Location     Type
   164 ;;                  1    wreg      void 
   165 ;; Registers used:
   166 ;;		wreg, status,2
   167 ;; Tracked objects:
   168 ;;		On entry : B00/0
   169 ;;		On exit  : 0/0
   170 ;;		Unchanged: 0/0
   171 ;; Data sizes:     COMMON   BANK0   BANK1   BANK2
   172 ;;      Params:         0       0       0       0
   173 ;;      Locals:         0       0       0       0
   174 ;;      Temps:          3       0       0       0
   175 ;;      Totals:         3       0       0       0
   176 ;;Total ram usage:        3 bytes
   177 ;; This function calls:
   178 ;;		Nothing
   179 ;; This function is called by:
   180 ;;		Startup code after reset
   181 ;; This function uses a non-reentrant model
   182 ;;
   183                           
   184     07D9                     _main:	
   185                           ;psect for function _main
   186                           
   187     07D9                     l558:	
   188                           ;incstack = 0
   189                           ; Regs used in _main: [wreg+status,2]
   190                           
   191     07D9  1683               	bsf	3,5	;RP0=1, select bank1
   192     07DA  1303               	bcf	3,6	;RP1=0, select bank1
   193     07DB  0186               	clrf	6	;volatile
   194     07DC                     l560:
   195     07DC  1283               	bcf	3,5	;RP0=0, select bank0
   196     07DD  1303               	bcf	3,6	;RP1=0, select bank0
   197     07DE  1586               	bsf	6,3	;volatile
   198     07DF                     l562:
   199     07DF  301A               	movlw	26
   200     07E0  00F2               	movwf	??_main+2
   201     07E1  305E               	movlw	94
   202     07E2  00F1               	movwf	??_main+1
   203     07E3  306E               	movlw	110
   204     07E4  00F0               	movwf	??_main
   205     07E5                     u17:
   206     07E5  0BF0               	decfsz	??_main,f
   207     07E6  2FE5               	goto	u17
   208     07E7  0BF1               	decfsz	??_main+1,f
   209     07E8  2FE5               	goto	u17
   210     07E9  0BF2               	decfsz	??_main+2,f
   211     07EA  2FE5               	goto	u17
   212     07EB  0000               	nop
   213     07EC                     l564:
   214     07EC  1283               	bcf	3,5	;RP0=0, select bank0
   215     07ED  1303               	bcf	3,6	;RP1=0, select bank0
   216     07EE  1186               	bcf	6,3	;volatile
   217     07EF                     l566:
   218     07EF  301A               	movlw	26
   219     07F0  00F2               	movwf	??_main+2
   220     07F1  305E               	movlw	94
   221     07F2  00F1               	movwf	??_main+1
   222     07F3  306E               	movlw	110
   223     07F4  00F0               	movwf	??_main
   224     07F5                     u27:
   225     07F5  0BF0               	decfsz	??_main,f
   226     07F6  2FF5               	goto	u27
   227     07F7  0BF1               	decfsz	??_main+1,f
   228     07F8  2FF5               	goto	u27
   229     07F9  0BF2               	decfsz	??_main+2,f
   230     07FA  2FF5               	goto	u27
   231     07FB  0000               	nop
   232     07FC  2FDC               	goto	l560
   233     07FD  2800               	ljmp	start
   234     07FE                     __end_of_main:
   235     0000                     ___latbits      equ	0
   236     007E                     btemp           set	126	;btemp
   237     007E                     wtemp0          set	126
   238                           
   239                           	psect	config
   240                           
   241                           ;Config register CONFIG @ 0x2007
   242                           ;	Oscillator Selection bits
   243                           ;	FOSC = HS, HS oscillator: High-speed crystal/resonator on RA6/OSC2/CLKOUT and RA7/OSC1
      +                          /CLKIN
   244                           ;	Watchdog Timer Enable bit
   245                           ;	WDTE = OFF, WDT disabled
   246                           ;	Power-up Timer Enable bit
   247                           ;	PWRTE = OFF, PWRT disabled
   248                           ;	RA5/MCLR/VPP Pin Function Select bit
   249                           ;	MCLRE = OFF, RA5/MCLR/VPP pin function is digital input, MCLR internally tied to VDD
   250                           ;	Brown-out Detect Enable bit
   251                           ;	BOREN = OFF, BOD disabled
   252                           ;	Low-Voltage Programming Enable bit
   253                           ;	LVP = OFF, RB4/PGM pin has digital I/O function, HV on MCLR must be used for programmi
      +                          ng
   254                           ;	Data EE Memory Code Protection bit
   255                           ;	CPD = OFF, Data memory code protection off
   256                           ;	Flash Program Memory Code Protection bit
   257                           ;	CP = OFF, Code protection off
   258     2007                     	org	8199
   259     2007  3F0A               	dw	16138

Data Sizes:
    Strings     0
    Constant    0
    Data        0
    BSS         0
    Persistent  0
    Stack       0

Auto Spaces:
    Space          Size  Autos    Used
    COMMON           14      3       3
    BANK0            80      0       0
    BANK1            80      0       0
    BANK2            48      0       0

Pointer List with Targets:

    None.

Critical Paths under _main in COMMON

    None.

Critical Paths under _main in BANK0

    None.

Critical Paths under _main in BANK1

    None.

Critical Paths under _main in BANK2

    None.

Call Graph Tables:

 ---------------------------------------------------------------------------------
 (Depth) Function   	        Calls       Base Space   Used Autos Params    Refs
 ---------------------------------------------------------------------------------
 (0) _main                                                 3     3      0       0
                                              0 COMMON     3     3      0
 ---------------------------------------------------------------------------------
 Estimated maximum stack depth 0
 ---------------------------------------------------------------------------------

 Call Graph Graphs:

 _main (ROOT)

Address spaces:
Name               Size   Autos  Total    Usage
BITCOMMON           14      0       0      0.0%
BITBANK0            80      0       0      0.0%
BITBANK1            80      0       0      0.0%
BITBANK2            48      0       0      0.0%
COMMON              14      3       3     21.4%
BANK0               80      0       0      0.0%
BANK1               80      0       0      0.0%
BANK2               48      0       0      0.0%
STACK                0      0       0      0.0%
DATA                 0      0       3      0.0%


Microchip Technology PIC Macro Assembler V2.50 build 20240725155939 
Symbol Table                                                                                   Fri Feb 28 17:53:31 2025

                     u17 07E5                       u27 07F5                      l560 07DC  
                    l562 07DF                      l564 07EC                      l566 07EF  
                    l558 07D9                      _RB3 0033                     _main 07D9  
                   btemp 007E                     start 0000                    ?_main 0070  
                  _TRISB 0086                    status 0003                    wtemp0 007E  
        __initialization 07FE             __end_of_main 07FE                   ??_main 0070  
__end_of__initialization 07FE           __pcstackCOMMON 0070               __pmaintext 07D9  
   end_of_initialization 07FE      start_initialization 07FE                ___latbits 0000  
